2021-12-23 03:56:25.795  INFO 1 --- [main] c.a.o.s.SiteServicesApplication          : Starting SiteServicesApplication v0.0.1-SNAPSHOT using Java 1.8.0_212 on 87f0d4aaf226 with PID 1 (/opt/app/app.jar started by root in /)
2021-12-23 03:56:25.832  INFO 1 --- [main] c.a.o.s.SiteServicesApplication          : No active profile set, falling back to default profiles: default
2021-12-23 03:56:30.530  INFO 1 --- [main] o.s.b.w.e.t.TomcatWebServer              : Tomcat initialized with port(s): 8080 (http)
2021-12-23 03:56:30.609  INFO 1 --- [main] o.a.c.c.StandardService                  : Starting service [Tomcat]
2021-12-23 03:56:30.611  INFO 1 --- [main] o.a.c.c.StandardEngine                   : Starting Servlet engine: [Apache Tomcat/9.0.56]
2021-12-23 03:56:30.833  INFO 1 --- [main] o.a.c.c.C.[.[.[/]                        : Initializing Spring embedded WebApplicationContext
2021-12-23 03:56:30.836  INFO 1 --- [main] w.s.c.ServletWebServerApplicationContext : Root WebApplicationContext: initialization completed in 4715 ms
2021-12-23 03:56:32.785  INFO 1 --- [main] o.s.b.w.e.t.TomcatWebServer              : Tomcat started on port(s): 8080 (http) with context path ''
2021-12-23 03:56:32.837  INFO 1 --- [main] c.a.o.s.SiteServicesApplication          : Started SiteServicesApplication in 9.324 seconds (JVM running for 12.557)
2021-12-23 03:56:35.089  INFO 1 --- [http-nio-8080-exec-1] o.a.c.c.C.[.[.[/]                        : Initializing Spring DispatcherServlet 'dispatcherServlet'
2021-12-23 03:56:35.098  INFO 1 --- [http-nio-8080-exec-1] o.s.w.s.DispatcherServlet                : Initializing Servlet 'dispatcherServlet'
2021-12-23 03:56:35.106  INFO 1 --- [http-nio-8080-exec-1] o.s.w.s.DispatcherServlet                : Completed initialization in 2 ms
2021-12-23 03:56:35.282  INFO 1 --- [http-nio-8080-exec-1] c.a.o.s.SiteController                   : getSite() Called
2021-12-23 03:57:55.209  INFO 1 --- [http-nio-8080-exec-4] c.a.o.s.SiteController                   : getSite() Called
2021-12-23 03:57:55.445  INFO 1 --- [http-nio-8080-exec-5] c.a.o.s.SiteController                   : getSite() Called
2021-12-23 03:57:55.647  INFO 1 --- [http-nio-8080-exec-6] c.a.o.s.SiteController                   : getSite() Called
2021-12-23 03:57:55.811  INFO 1 --- [http-nio-8080-exec-7] c.a.o.s.SiteController                   : getSite() Called
2021-12-23 03:57:55.960  INFO 1 --- [http-nio-8080-exec-8] c.a.o.s.SiteController                   : getSite() Called
2021-12-23 03:57:56.099  INFO 1 --- [http-nio-8080-exec-9] c.a.o.s.SiteController                   : getSite() Called
2021-12-23 03:57:56.265  INFO 1 --- [http-nio-8080-exec-10] c.a.o.s.SiteController                   : getSite() Called
2021-12-23 03:57:56.406  INFO 1 --- [http-nio-8080-exec-1] c.a.o.s.SiteController                   : getSite() Called
2021-12-23 03:57:56.562  INFO 1 --- [http-nio-8080-exec-3] c.a.o.s.SiteController                   : getSite() Called
2021-12-23 03:57:56.700  INFO 1 --- [http-nio-8080-exec-2] c.a.o.s.SiteController                   : getSite() Called
